2023-06-22 19:27:57.009  INFO 4632 --- [main] c.c.c.ConfigServicePropertySourceLocator : Fetching config from server at : http://localhost:8888
2023-06-22 19:27:57.066  INFO 4632 --- [main] c.c.c.ConfigServicePropertySourceLocator : Connect Timeout Exception on Url - http://localhost:8888. Will be trying the next url if available
2023-06-22 19:27:57.066  WARN 4632 --- [main] c.c.c.ConfigServicePropertySourceLocator : Could not locate PropertySource: I/O error on GET request for "http://localhost:8888/store-customer-service-DEV/default": Connection refused: no further information; nested exception is java.net.ConnectException: Connection refused: no further information
2023-06-22 19:27:57.069  INFO 4632 --- [main] c.s.c.StoreCustomersServiceApplication   : No active profile set, falling back to 1 default profile: "default"
2023-06-22 19:27:57.367  INFO 4632 --- [main] .s.d.r.c.RepositoryConfigurationDelegate : Bootstrapping Spring Data JPA repositories in DEFAULT mode.
2023-06-22 19:27:57.398  INFO 4632 --- [main] .s.d.r.c.RepositoryConfigurationDelegate : Finished Spring Data repository scanning in 24 ms. Found 1 JPA repository interfaces.
2023-06-22 19:27:57.517  INFO 4632 --- [main] o.s.cloud.context.scope.GenericScope     : BeanFactory id=387fc080-4acf-35e6-a222-f9bef3933fda
2023-06-22 19:27:57.821  INFO 4632 --- [main] o.s.b.w.embedded.tomcat.TomcatWebServer  : Tomcat initialized with port(s): 8088 (http)
2023-06-22 19:27:57.831  INFO 4632 --- [main] o.apache.catalina.core.StandardService   : Starting service [Tomcat]
2023-06-22 19:27:57.831  INFO 4632 --- [main] org.apache.catalina.core.StandardEngine  : Starting Servlet engine: [Apache Tomcat/9.0.76]
2023-06-22 19:27:57.948  INFO 4632 --- [main] o.a.c.c.C.[Tomcat].[localhost].[/]       : Initializing Spring embedded WebApplicationContext
2023-06-22 19:27:57.948  INFO 4632 --- [main] w.s.c.ServletWebServerApplicationContext : Root WebApplicationContext: initialization completed in 859 ms
2023-06-22 19:27:58.030  INFO 4632 --- [main] o.hibernate.jpa.internal.util.LogHelper  : HHH000204: Processing PersistenceUnitInfo [name: default]
2023-06-22 19:27:58.067  INFO 4632 --- [main] org.hibernate.Version                    : HHH000412: Hibernate ORM core version 5.6.15.Final
2023-06-22 19:27:58.173  INFO 4632 --- [main] o.hibernate.annotations.common.Version   : HCANN000001: Hibernate Commons Annotations {5.1.2.Final}
2023-06-22 19:27:58.244  INFO 4632 --- [main] com.zaxxer.hikari.HikariDataSource       : HikariPool-1 - Starting...
2023-06-22 19:27:58.459  INFO 4632 --- [main] com.zaxxer.hikari.HikariDataSource       : HikariPool-1 - Start completed.
2023-06-22 19:27:58.473  INFO 4632 --- [main] org.hibernate.dialect.Dialect            : HHH000400: Using dialect: org.hibernate.dialect.MySQL57Dialect
2023-06-22 19:27:58.920  INFO 4632 --- [main] o.h.e.t.j.p.i.JtaPlatformInitiator       : HHH000490: Using JtaPlatform implementation: [org.hibernate.engine.transaction.jta.platform.internal.NoJtaPlatform]
2023-06-22 19:27:58.926  INFO 4632 --- [main] j.LocalContainerEntityManagerFactoryBean : Initialized JPA EntityManagerFactory for persistence unit 'default'
2023-06-22 19:27:58.957  WARN 4632 --- [main] JpaBaseConfiguration$JpaWebConfiguration : spring.jpa.open-in-view is enabled by default. Therefore, database queries may be performed during view rendering. Explicitly configure spring.jpa.open-in-view to disable this warning
2023-06-22 19:28:00.478  INFO 4632 --- [main] o.s.cloud.commons.util.InetUtils         : Cannot determine local hostname
2023-06-22 19:28:00.551  INFO 4632 --- [main] o.s.b.w.embedded.tomcat.TomcatWebServer  : Tomcat started on port(s): 8088 (http) with context path ''
2023-06-22 19:28:01.641  INFO 4632 --- [main] o.s.cloud.commons.util.InetUtils         : Cannot determine local hostname
2023-06-22 19:28:01.649  INFO 4632 --- [main] c.s.c.StoreCustomersServiceApplication   : Started StoreCustomersServiceApplication in 7.484 seconds (JVM running for 8.032)
2023-06-22 19:28:37.215  INFO 4632 --- [http-nio-8088-exec-3] o.a.c.c.C.[Tomcat].[localhost].[/]       : Initializing Spring DispatcherServlet 'dispatcherServlet'
2023-06-22 19:28:37.216  INFO 4632 --- [http-nio-8088-exec-3] o.s.web.servlet.DispatcherServlet        : Initializing Servlet 'dispatcherServlet'
2023-06-22 19:28:37.216  INFO 4632 --- [http-nio-8088-exec-3] o.s.web.servlet.DispatcherServlet        : Completed initialization in 0 ms
2023-06-22 19:30:29.331  INFO 4632 --- [RMI TCP Connection(10)-127.0.0.1] inMXBeanRegistrar$SpringApplicationAdmin : Application shutdown requested.
2023-06-22 19:30:29.345  INFO 4632 --- [RMI TCP Connection(10)-127.0.0.1] o.apache.catalina.core.StandardService   : Stopping service [Tomcat]
2023-06-22 19:30:29.346  INFO 4632 --- [RMI TCP Connection(10)-127.0.0.1] o.a.c.c.C.[Tomcat].[localhost].[/]       : Destroying Spring FrameworkServlet 'dispatcherServlet'
2023-06-22 19:30:29.351  INFO 4632 --- [RMI TCP Connection(10)-127.0.0.1] j.LocalContainerEntityManagerFactoryBean : Closing JPA EntityManagerFactory for persistence unit 'default'
2023-06-22 19:30:29.352  INFO 4632 --- [RMI TCP Connection(10)-127.0.0.1] com.zaxxer.hikari.HikariDataSource       : HikariPool-1 - Shutdown initiated...
2023-06-22 19:30:29.359  INFO 4632 --- [RMI TCP Connection(10)-127.0.0.1] com.zaxxer.hikari.HikariDataSource       : HikariPool-1 - Shutdown completed.
2023-06-22 19:30:33.554  INFO 4248 --- [main] c.c.c.ConfigServicePropertySourceLocator : Fetching config from server at : http://localhost:8888
2023-06-22 19:30:33.612  INFO 4248 --- [main] c.c.c.ConfigServicePropertySourceLocator : Connect Timeout Exception on Url - http://localhost:8888. Will be trying the next url if available
2023-06-22 19:30:33.612  WARN 4248 --- [main] c.c.c.ConfigServicePropertySourceLocator : Could not locate PropertySource: I/O error on GET request for "http://localhost:8888/store-customer-service-DEV/default": Connection refused: no further information; nested exception is java.net.ConnectException: Connection refused: no further information
2023-06-22 19:30:33.614  INFO 4248 --- [main] c.s.c.StoreCustomersServiceApplication   : No active profile set, falling back to 1 default profile: "default"
2023-06-22 19:30:33.904  INFO 4248 --- [main] .s.d.r.c.RepositoryConfigurationDelegate : Bootstrapping Spring Data JPA repositories in DEFAULT mode.
2023-06-22 19:30:33.935  INFO 4248 --- [main] .s.d.r.c.RepositoryConfigurationDelegate : Finished Spring Data repository scanning in 25 ms. Found 1 JPA repository interfaces.
2023-06-22 19:30:34.044  INFO 4248 --- [main] o.s.cloud.context.scope.GenericScope     : BeanFactory id=387fc080-4acf-35e6-a222-f9bef3933fda
2023-06-22 19:30:34.248  INFO 4248 --- [main] o.s.b.w.embedded.tomcat.TomcatWebServer  : Tomcat initialized with port(s): 8088 (http)
2023-06-22 19:30:34.254  INFO 4248 --- [main] o.apache.catalina.core.StandardService   : Starting service [Tomcat]
2023-06-22 19:30:34.254  INFO 4248 --- [main] org.apache.catalina.core.StandardEngine  : Starting Servlet engine: [Apache Tomcat/9.0.76]
2023-06-22 19:30:34.352  INFO 4248 --- [main] o.a.c.c.C.[Tomcat].[localhost].[/]       : Initializing Spring embedded WebApplicationContext
2023-06-22 19:30:34.352  INFO 4248 --- [main] w.s.c.ServletWebServerApplicationContext : Root WebApplicationContext: initialization completed in 730 ms
2023-06-22 19:30:34.437  INFO 4248 --- [main] o.hibernate.jpa.internal.util.LogHelper  : HHH000204: Processing PersistenceUnitInfo [name: default]
2023-06-22 19:30:34.467  INFO 4248 --- [main] org.hibernate.Version                    : HHH000412: Hibernate ORM core version 5.6.15.Final
2023-06-22 19:30:34.558  INFO 4248 --- [main] o.hibernate.annotations.common.Version   : HCANN000001: Hibernate Commons Annotations {5.1.2.Final}
2023-06-22 19:30:34.621  INFO 4248 --- [main] com.zaxxer.hikari.HikariDataSource       : HikariPool-1 - Starting...
2023-06-22 19:30:34.826  INFO 4248 --- [main] com.zaxxer.hikari.HikariDataSource       : HikariPool-1 - Start completed.
2023-06-22 19:30:34.835  INFO 4248 --- [main] org.hibernate.dialect.Dialect            : HHH000400: Using dialect: org.hibernate.dialect.MySQL57Dialect
2023-06-22 19:30:35.284  INFO 4248 --- [main] o.h.e.t.j.p.i.JtaPlatformInitiator       : HHH000490: Using JtaPlatform implementation: [org.hibernate.engine.transaction.jta.platform.internal.NoJtaPlatform]
2023-06-22 19:30:35.292  INFO 4248 --- [main] j.LocalContainerEntityManagerFactoryBean : Initialized JPA EntityManagerFactory for persistence unit 'default'
2023-06-22 19:30:35.529  WARN 4248 --- [main] JpaBaseConfiguration$JpaWebConfiguration : spring.jpa.open-in-view is enabled by default. Therefore, database queries may be performed during view rendering. Explicitly configure spring.jpa.open-in-view to disable this warning
2023-06-22 19:30:36.847  INFO 4248 --- [main] o.s.cloud.commons.util.InetUtils         : Cannot determine local hostname
2023-06-22 19:30:36.916  INFO 4248 --- [main] o.s.b.w.embedded.tomcat.TomcatWebServer  : Tomcat started on port(s): 8088 (http) with context path ''
2023-06-22 19:30:38.004  INFO 4248 --- [main] o.s.cloud.commons.util.InetUtils         : Cannot determine local hostname
2023-06-22 19:30:38.019  INFO 4248 --- [main] c.s.c.StoreCustomersServiceApplication   : Started StoreCustomersServiceApplication in 7.268 seconds (JVM running for 7.788)
2023-06-22 19:30:41.492  INFO 4248 --- [http-nio-8088-exec-2] o.a.c.c.C.[Tomcat].[localhost].[/]       : Initializing Spring DispatcherServlet 'dispatcherServlet'
2023-06-22 19:30:41.492  INFO 4248 --- [http-nio-8088-exec-2] o.s.web.servlet.DispatcherServlet        : Initializing Servlet 'dispatcherServlet'
